<?xml version="1.0" encoding="UTF-8"?>
<testng-results ignored="70" total="71" passed="1" failed="0" skipped="0">
  <reporter-output>
  </reporter-output>
  <suite started-at="2022-11-18T13:46:38 IST" name="Default suite" finished-at="2022-11-18T13:46:41 IST" duration-ms="2243">
    <groups>
    </groups>
    <test started-at="2022-11-18T13:46:38 IST" name="Default test" finished-at="2022-11-18T13:46:41 IST" duration-ms="2243">
      <class name="com.Spotify.Api">
        <test-method signature="getPlaylist()[pri:0, instance:com.Spotify.Api@2667f029]" started-at="2022-11-18T13:46:38 IST" name="getPlaylist" finished-at="2022-11-18T13:46:41 IST" duration-ms="2208" status="PASS">
          <reporter-output>
          </reporter-output>
        </test-method> <!-- getPlaylist -->
      </class> <!-- com.Spotify.Api -->
    </test> <!-- Default test -->
  </suite> <!-- Default suite -->
</testng-results>
