<?xml version="1.0" encoding="UTF-8"?>
<!-- Generated by org.testng.reporters.JUnitXMLReporter -->
<testsuite ignored="70" hostname="Priya" failures="0" tests="1" name="Default test" time="2.243" errors="0" timestamp="2022-11-18T13:46:41 IST">
  <testcase classname="com.Spotify.Api" name="getPlaylist" time="2.208"/>
  <testcase classname="com.Spotify.Api" name="createPlaylist" time="0.0">
    <ignored/>
  </testcase> <!-- createPlaylist -->
  <testcase classname="com.Spotify.Api" name="getChapters" time="0.0">
    <ignored/>
  </testcase> <!-- getChapters -->
  <testcase classname="com.Spotify.Api" name="getFollowedArtist" time="0.0">
    <ignored/>
  </testcase> <!-- getFollowedArtist -->
  <testcase classname="com.Spotify.Api" name="getAvailableGenre" time="0.0">
    <ignored/>
  </testcase> <!-- getAvailableGenre -->
  <testcase classname="com.Spotify.Api" name="saveTracksForCurrentUser" time="0.0">
    <ignored/>
  </testcase> <!-- saveTracksForCurrentUser -->
  <testcase classname="com.Spotify.Api" name="getUsersSavedAlbumns" time="0.0">
    <ignored/>
  </testcase> <!-- getUsersSavedAlbumns -->
  <testcase classname="com.Spotify.Api" name="getTrack" time="0.0">
    <ignored/>
  </testcase> <!-- getTrack -->
  <testcase classname="com.Spotify.Api" name="getAvaialbleMarkets" time="0.0">
    <ignored/>
  </testcase> <!-- getAvaialbleMarkets -->
  <testcase classname="com.Spotify.Api" name="transferPlayback" time="0.0">
    <ignored/>
  </testcase> <!-- transferPlayback -->
  <testcase classname="com.Spotify.Api" name="setPlaybackVolume" time="0.0">
    <ignored/>
  </testcase> <!-- setPlaybackVolume -->
  <testcase classname="com.Spotify.Api" name="getSeveralChapters" time="0.0">
    <ignored/>
  </testcase> <!-- getSeveralChapters -->
  <testcase classname="com.Spotify.Api" name="getSingleBrowseCategory" time="0.0">
    <ignored/>
  </testcase> <!-- getSingleBrowseCategory -->
  <testcase classname="com.Spotify.Api" name="skipToPrevious" time="0.0">
    <ignored/>
  </testcase> <!-- skipToPrevious -->
  <testcase classname="com.Spotify.Api" name="getSeveralAlbum" time="0.0">
    <ignored/>
  </testcase> <!-- getSeveralAlbum -->
  <testcase classname="com.Spotify.Api" name="getAudiobooksChapters" time="0.0">
    <ignored/>
  </testcase> <!-- getAudiobooksChapters -->
  <testcase classname="com.Spotify.Api" name="getShow" time="0.0">
    <ignored/>
  </testcase> <!-- getShow -->
  <testcase classname="com.Spotify.Api" name="getArtistsAlbum" time="0.0">
    <ignored/>
  </testcase> <!-- getArtistsAlbum -->
  <testcase classname="com.Spotify.Api" name="getUsersQueue" time="0.0">
    <ignored/>
  </testcase> <!-- getUsersQueue -->
  <testcase classname="com.Spotify.Api" name="getSeveralBrowseCategory" time="0.0">
    <ignored/>
  </testcase> <!-- getSeveralBrowseCategory -->
  <testcase classname="com.Spotify.Api" name="getCurrentUsersProfile" time="0.0">
    <ignored/>
  </testcase> <!-- getCurrentUsersProfile -->
  <testcase classname="com.Spotify.Api" name="addItemstoPlaybackQueue" time="0.0">
    <ignored/>
  </testcase> <!-- addItemstoPlaybackQueue -->
  <testcase classname="com.Spotify.Api" name="getUsersSavedEpisodes" time="0.0">
    <ignored/>
  </testcase> <!-- getUsersSavedEpisodes -->
  <testcase classname="com.Spotify.Api" name="getPlaylistItems" time="0.0">
    <ignored/>
  </testcase> <!-- getPlaylistItems -->
  <testcase classname="com.Spotify.Api" name="getUserProfile" time="0.0">
    <ignored/>
  </testcase> <!-- getUserProfile -->
  <testcase classname="com.Spotify.Api" name="getSeveralEpisode" time="0.0">
    <ignored/>
  </testcase> <!-- getSeveralEpisode -->
  <testcase classname="com.Spotify.Api" name="getUsersSavedAudiobooks" time="0.0">
    <ignored/>
  </testcase> <!-- getUsersSavedAudiobooks -->
  <testcase classname="com.Spotify.Api" name="getAlbumTracks" time="0.0">
    <ignored/>
  </testcase> <!-- getAlbumTracks -->
  <testcase classname="com.Spotify.Api" name="getPlaylistCoverImage" time="0.0">
    <ignored/>
  </testcase> <!-- getPlaylistCoverImage -->
  <testcase classname="com.Spotify.Api" name="startOrResumePlayback" time="0.0">
    <ignored/>
  </testcase> <!-- startOrResumePlayback -->
  <testcase classname="com.Spotify.Api" name="getFeaturedPlaylist" time="0.0">
    <ignored/>
  </testcase> <!-- getFeaturedPlaylist -->
  <testcase classname="com.Spotify.Api" name="saveEpisodeForCurrentUser" time="0.0">
    <ignored/>
  </testcase> <!-- saveEpisodeForCurrentUser -->
  <testcase classname="com.Spotify.Api" name="getUsersSavedTrack" time="0.0">
    <ignored/>
  </testcase> <!-- getUsersSavedTrack -->
  <testcase classname="com.Spotify.Api" name="getUsersTopItems" time="0.0">
    <ignored/>
  </testcase> <!-- getUsersTopItems -->
  <testcase classname="com.Spotify.Api" name="getSeveralAudiobooks" time="0.0">
    <ignored/>
  </testcase> <!-- getSeveralAudiobooks -->
  <testcase classname="com.Spotify.Api" name="updatePlaylistItems" time="0.0">
    <ignored/>
  </testcase> <!-- updatePlaylistItems -->
  <testcase classname="com.Spotify.Api" name="getTracksAudioAnalysis" time="0.0">
    <ignored/>
  </testcase> <!-- getTracksAudioAnalysis -->
  <testcase classname="com.Spotify.Api" name="getAvailableDevices" time="0.0">
    <ignored/>
  </testcase> <!-- getAvailableDevices -->
  <testcase classname="com.Spotify.Api" name="skipToNext" time="0.0">
    <ignored/>
  </testcase> <!-- skipToNext -->
  <testcase classname="com.Spotify.Api" name="seekToPosition" time="0.0">
    <ignored/>
  </testcase> <!-- seekToPosition -->
  <testcase classname="com.Spotify.Api" name="getPlaybackState" time="0.0">
    <ignored/>
  </testcase> <!-- getPlaybackState -->
  <testcase classname="com.Spotify.Api" name="getSeveralArtist" time="0.0">
    <ignored/>
  </testcase> <!-- getSeveralArtist -->
  <testcase classname="com.Spotify.Api" name="getArtist" time="0.0">
    <ignored/>
  </testcase> <!-- getArtist -->
  <testcase classname="com.Spotify.Api" name="getAlbum" time="0.0">
    <ignored/>
  </testcase> <!-- getAlbum -->
  <testcase classname="com.Spotify.Api" name="getCurrentlyPlayingTrack" time="0.0">
    <ignored/>
  </testcase> <!-- getCurrentlyPlayingTrack -->
  <testcase classname="com.Spotify.Api" name="getArtistsRelatedArtist" time="0.0">
    <ignored/>
  </testcase> <!-- getArtistsRelatedArtist -->
  <testcase classname="com.Spotify.Api" name="pausePlayback" time="0.0">
    <ignored/>
  </testcase> <!-- pausePlayback -->
  <testcase classname="com.Spotify.Api" name="getEpisode" time="0.0">
    <ignored/>
  </testcase> <!-- getEpisode -->
  <testcase classname="com.Spotify.Api" name="saveAlbumnsForCurrentUser" time="0.0">
    <ignored/>
  </testcase> <!-- saveAlbumnsForCurrentUser -->
  <testcase classname="com.Spotify.Api" name="searchForItem" time="0.0">
    <ignored/>
  </testcase> <!-- searchForItem -->
  <testcase classname="com.Spotify.Api" name="saveShowsForCurrentUser" time="0.0">
    <ignored/>
  </testcase> <!-- saveShowsForCurrentUser -->
  <testcase classname="com.Spotify.Api" name="togglePlaybackShuffle" time="0.0">
    <ignored/>
  </testcase> <!-- togglePlaybackShuffle -->
  <testcase classname="com.Spotify.Api" name="addItemsToPlaylist" time="0.0">
    <ignored/>
  </testcase> <!-- addItemsToPlaylist -->
  <testcase classname="com.Spotify.Api" name="getAudiobooks" time="0.0">
    <ignored/>
  </testcase> <!-- getAudiobooks -->
  <testcase classname="com.Spotify.Api" name="addCustomPlaylistCoverImage" time="0.0">
    <ignored/>
  </testcase> <!-- addCustomPlaylistCoverImage -->
  <testcase classname="com.Spotify.Api" name="checkIfUsersFollowArtistOrUsers" time="0.0">
    <ignored/>
  </testcase> <!-- checkIfUsersFollowArtistOrUsers -->
  <testcase classname="com.Spotify.Api" name="getSeveralTracks" time="0.0">
    <ignored/>
  </testcase> <!-- getSeveralTracks -->
  <testcase classname="com.Spotify.Api" name="getUserPlaylist" time="0.0">
    <ignored/>
  </testcase> <!-- getUserPlaylist -->
  <testcase classname="com.Spotify.Api" name="followPlaylist" time="0.0">
    <ignored/>
  </testcase> <!-- followPlaylist -->
  <testcase classname="com.Spotify.Api" name="getCurrentUserPlaylist" time="0.0">
    <ignored/>
  </testcase> <!-- getCurrentUserPlaylist -->
  <testcase classname="com.Spotify.Api" name="checkIfUsersFollowPlaylist" time="0.0">
    <ignored/>
  </testcase> <!-- checkIfUsersFollowPlaylist -->
  <testcase classname="com.Spotify.Api" name="getTracksAudioFeatures" time="0.0">
    <ignored/>
  </testcase> <!-- getTracksAudioFeatures -->
  <testcase classname="com.Spotify.Api" name="followArtistOrUsers" time="0.0">
    <ignored/>
  </testcase> <!-- followArtistOrUsers -->
  <testcase classname="com.Spotify.Api" name="saveAudiobookForCurrentUser" time="0.0">
    <ignored/>
  </testcase> <!-- saveAudiobookForCurrentUser -->
  <testcase classname="com.Spotify.Api" name="getRecommendations" time="0.0">
    <ignored/>
  </testcase> <!-- getRecommendations -->
  <testcase classname="com.Spotify.Api" name="getArtistsTopTrack" time="0.0">
    <ignored/>
  </testcase> <!-- getArtistsTopTrack -->
  <testcase classname="com.Spotify.Api" name="setRepeatMode" time="0.0">
    <ignored/>
  </testcase> <!-- setRepeatMode -->
  <testcase classname="com.Spotify.Api" name="getNewRelases" time="0.0">
    <ignored/>
  </testcase> <!-- getNewRelases -->
  <testcase classname="com.Spotify.Api" name="getRecentlyPlayedTracks" time="0.0">
    <ignored/>
  </testcase> <!-- getRecentlyPlayedTracks -->
  <testcase classname="com.Spotify.Api" name="getSeveralShows" time="0.0">
    <ignored/>
  </testcase> <!-- getSeveralShows -->
  <testcase classname="com.Spotify.Api" name="getUsersSavedShows" time="0.0">
    <ignored/>
  </testcase> <!-- getUsersSavedShows -->
</testsuite> <!-- Default test -->
